<?xml version="1.0" encoding="UTF-8"?>
<testsuite xmlns:xsi="http://www.w3.org/2001/XMLSchema-instance" xsi:noNamespaceSchemaLocation="https://maven.apache.org/surefire/maven-surefire-plugin/xsd/surefire-test-report-3.0.xsd" version="3.0" name="com.kulkultech.restapi.ErrorHandlerTest" time="4.859" tests="4" errors="0" skipped="0" failures="0">
  <properties>
[...]
</properties>
  <testcase name="testDeleteReturns204" classname="com.kulkultech.restapi.ErrorHandlerTest" time="1.432">
    <system-out><![CDATA[13:43:12.385 [main] INFO org.springframework.test.context.support.AnnotationConfigContextLoaderUtils -- Could not detect default configuration classes for test class [com.kulkultech.restapi.ErrorHandlerTest]: ErrorHandlerTest does not declare any static, non-private, non-final, nested classes annotated with @Configuration.
13:43:12.711 [main] INFO org.springframework.boot.test.context.SpringBootTestContextBootstrapper -- Found @SpringBootConfiguration com.kulkultech.restapi.TradingApplication for test class com.kulkultech.restapi.ErrorHandlerTest

  .   ____          _            __ _ _
 /\\ / ___'_ __ _ _(_)_ __  __ _ \ \ \ \
( ( )\___ | '_ | '_| | '_ \/ _` | \ \ \ \
 \\/  ___)| |_)| | | | | || (_| |  ) ) ) )
  '  |____| .__|_| |_|_| |_\__, | / / / /
 =========|_|==============|___/=/_/_/_/
 :: Spring Boot ::                (v3.2.0)

2025-11-14T13:43:13.513+07:00  INFO 5464 --- [           main] c.kulkultech.restapi.ErrorHandlerTest    : Starting ErrorHandlerTest using Java 25 with PID 5464 (started by lucia in C:\Users\lucia\IdeaProjects\code-java-fundamentals-module\session-20-restful-api\assignment-02-status-codes)
2025-11-14T13:43:13.515+07:00  INFO 5464 --- [           main] c.kulkultech.restapi.ErrorHandlerTest    : No active profile set, falling back to 1 default profile: "default"
2025-11-14T13:43:15.288+07:00  INFO 5464 --- [           main] o.s.b.t.m.w.SpringBootMockServletContext : Initializing Spring TestDispatcherServlet ''
2025-11-14T13:43:15.289+07:00  INFO 5464 --- [           main] o.s.t.web.servlet.TestDispatcherServlet  : Initializing Servlet ''
2025-11-14T13:43:15.293+07:00  INFO 5464 --- [           main] o.s.t.web.servlet.TestDispatcherServlet  : Completed initialization in 3 ms
2025-11-14T13:43:15.339+07:00  INFO 5464 --- [           main] c.kulkultech.restapi.ErrorHandlerTest    : Started ErrorHandlerTest in 2.466 seconds (process running for 4.332)
]]></system-out>
    <system-err><![CDATA[WARNING: A Java agent has been loaded dynamically (C:\Users\lucia\.m2\repository\net\bytebuddy\byte-buddy-agent\1.14.10\byte-buddy-agent-1.14.10.jar)
WARNING: If a serviceability tool is in use, please run with -XX:+EnableDynamicAgentLoading to hide this warning
WARNING: If a serviceability tool is not in use, please run with -Djdk.instrument.traceUsage for more information
WARNING: Dynamic loading of agents will be disallowed by default in a future release
]]></system-err>
  </testcase>
  <testcase name="testExceptionHandlerExists" classname="com.kulkultech.restapi.ErrorHandlerTest" time="0.009"/>
  <testcase name="testNotFoundReturns404" classname="com.kulkultech.restapi.ErrorHandlerTest" time="0.109"/>
  <testcase name="testCreateReturns201" classname="com.kulkultech.restapi.ErrorHandlerTest" time="0.007"/>
</testsuite>