<?xml version="1.0" encoding="UTF-8"?>
<testsuite xmlns:xsi="http://www.w3.org/2001/XMLSchema-instance" xsi:noNamespaceSchemaLocation="https://maven.apache.org/surefire/maven-surefire-plugin/xsd/surefire-test-report-3.0.xsd" version="3.0" name="com.kulkultech.restapi.PortfolioControllerTest" time="4.965" tests="6" errors="0" skipped="0" failures="0">
  <properties>
[...]
</properties>
  <testcase name="testUpdatePortfolio" classname="com.kulkultech.restapi.PortfolioControllerTest" time="1.552">
    <system-out><![CDATA[13:33:35.855 [main] INFO org.springframework.test.context.support.AnnotationConfigContextLoaderUtils -- Could not detect default configuration classes for test class [com.kulkultech.restapi.PortfolioControllerTest]: PortfolioControllerTest does not declare any static, non-private, non-final, nested classes annotated with @Configuration.
13:33:36.178 [main] INFO org.springframework.boot.test.context.SpringBootTestContextBootstrapper -- Found @SpringBootConfiguration com.kulkultech.restapi.TradingApplication for test class com.kulkultech.restapi.PortfolioControllerTest

  .   ____          _            __ _ _
 /\\ / ___'_ __ _ _(_)_ __  __ _ \ \ \ \
( ( )\___ | '_ | '_| | '_ \/ _` | \ \ \ \
 \\/  ___)| |_)| | | | | || (_| |  ) ) ) )
  '  |____| .__|_| |_|_| |_\__, | / / / /
 =========|_|==============|___/=/_/_/_/
 :: Spring Boot ::                (v3.2.0)

2025-11-14T13:33:36.989+07:00  INFO 5548 --- [           main] c.k.restapi.PortfolioControllerTest      : Starting PortfolioControllerTest using Java 25 with PID 5548 (started by lucia in C:\Users\lucia\IdeaProjects\code-java-fundamentals-module\session-20-restful-api\assignment-01-resource-design)
2025-11-14T13:33:36.992+07:00  INFO 5548 --- [           main] c.k.restapi.PortfolioControllerTest      : No active profile set, falling back to 1 default profile: "default"
2025-11-14T13:33:38.851+07:00  INFO 5548 --- [           main] o.s.b.t.m.w.SpringBootMockServletContext : Initializing Spring TestDispatcherServlet ''
2025-11-14T13:33:38.851+07:00  INFO 5548 --- [           main] o.s.t.web.servlet.TestDispatcherServlet  : Initializing Servlet ''
2025-11-14T13:33:38.854+07:00  INFO 5548 --- [           main] o.s.t.web.servlet.TestDispatcherServlet  : Completed initialization in 2 ms
2025-11-14T13:33:38.898+07:00  INFO 5548 --- [           main] c.k.restapi.PortfolioControllerTest      : Started PortfolioControllerTest in 2.557 seconds (process running for 4.364)
]]></system-out>
    <system-err><![CDATA[WARNING: A Java agent has been loaded dynamically (C:\Users\lucia\.m2\repository\net\bytebuddy\byte-buddy-agent\1.14.10\byte-buddy-agent-1.14.10.jar)
WARNING: If a serviceability tool is in use, please run with -XX:+EnableDynamicAgentLoading to hide this warning
WARNING: If a serviceability tool is not in use, please run with -Djdk.instrument.traceUsage for more information
WARNING: Dynamic loading of agents will be disallowed by default in a future release
]]></system-err>
  </testcase>
  <testcase name="testRESTfulNaming" classname="com.kulkultech.restapi.PortfolioControllerTest" time="0.012"/>
  <testcase name="testCreatePortfolio" classname="com.kulkultech.restapi.PortfolioControllerTest" time="0.009"/>
  <testcase name="testDeletePortfolio" classname="com.kulkultech.restapi.PortfolioControllerTest" time="0.015"/>
  <testcase name="testGetAllPortfolios" classname="com.kulkultech.restapi.PortfolioControllerTest" time="0.017"/>
  <testcase name="testGetPortfolio" classname="com.kulkultech.restapi.PortfolioControllerTest" time="0.01"/>
</testsuite>